2025-05-30 16:30:39,271 [Worker-9: Loading available Gradle versions] INFO  o.e.b.c.i.u.g.PublishedGradleVersions - Gradle version information cache is not available. Remote download required.
2025-05-30 16:31:26,958 [Worker-7: reload maven project] INFO  o.e.m.c.i.e.AbstractTransferListenerAdapter - Downloading https://repo.spring.io/snapshot/org/springframework/boot/spring-boot-starter-parent/4.0.0-SNAPSHOT/maven-metadata.xml
2025-05-30 16:31:27,080 [Worker-7: reload maven project] INFO  o.e.m.c.i.e.AbstractTransferListenerAdapter - Downloaded https://repo.spring.io/snapshot/org/springframework/boot/spring-boot-starter-parent/4.0.0-SNAPSHOT/maven-metadata.xml
2025-05-30 16:31:27,289 [Worker-7: reload maven project] INFO  o.e.m.c.i.e.AbstractTransferListenerAdapter - Downloading https://repo.spring.io/snapshot/org/springframework/boot/spring-boot-starter-parent/4.0.0-SNAPSHOT/spring-boot-starter-parent-4.0.0-20250529.121852-167.pom
2025-05-30 16:31:27,430 [Worker-7: reload maven project] INFO  o.e.m.c.i.e.AbstractTransferListenerAdapter - Downloaded https://repo.spring.io/snapshot/org/springframework/boot/spring-boot-starter-parent/4.0.0-SNAPSHOT/spring-boot-starter-parent-4.0.0-20250529.121852-167.pom
2025-05-30 16:31:27,611 [Worker-7: reload maven project] INFO  o.e.m.c.i.e.AbstractTransferListenerAdapter - Downloading https://repo.spring.io/snapshot/org/springframework/boot/spring-boot-dependencies/4.0.0-SNAPSHOT/maven-metadata.xml
2025-05-30 16:31:27,665 [Worker-7: reload maven project] INFO  o.e.m.c.i.e.AbstractTransferListenerAdapter - Downloaded https://repo.spring.io/snapshot/org/springframework/boot/spring-boot-dependencies/4.0.0-SNAPSHOT/maven-metadata.xml
2025-05-30 16:31:27,794 [Worker-7: reload maven project] INFO  o.e.m.c.i.e.AbstractTransferListenerAdapter - Downloading https://repo.spring.io/snapshot/org/springframework/boot/spring-boot-dependencies/4.0.0-SNAPSHOT/spring-boot-dependencies-4.0.0-20250529.121852-167.pom
2025-05-30 16:31:28,028 [Worker-7: reload maven project] INFO  o.e.m.c.i.e.AbstractTransferListenerAdapter - Downloaded https://repo.spring.io/snapshot/org/springframework/boot/spring-boot-dependencies/4.0.0-SNAPSHOT/spring-boot-dependencies-4.0.0-20250529.121852-167.pom
2025-05-30 16:31:29,054 [Worker-7: reload maven project] INFO  o.e.m.c.i.e.AbstractTransferListenerAdapter - Downloading https://repo.spring.io/snapshot/io/projectreactor/reactor-bom/2024.0.6-SNAPSHOT/maven-metadata.xml
2025-05-30 16:31:29,064 [Worker-7: reload maven project] INFO  o.e.m.c.i.e.AbstractTransferListenerAdapter - Downloaded https://repo.spring.io/snapshot/io/projectreactor/reactor-bom/2024.0.6-SNAPSHOT/maven-metadata.xml
2025-05-30 16:31:29,275 [Worker-7: reload maven project] INFO  o.e.m.c.i.e.AbstractTransferListenerAdapter - Downloading https://repo.spring.io/snapshot/org/springframework/spring-framework-bom/7.0.0-SNAPSHOT/maven-metadata.xml
2025-05-30 16:31:29,284 [Worker-7: reload maven project] INFO  o.e.m.c.i.e.AbstractTransferListenerAdapter - Downloaded https://repo.spring.io/snapshot/org/springframework/spring-framework-bom/7.0.0-SNAPSHOT/maven-metadata.xml
2025-05-30 16:31:29,434 [Worker-7: reload maven project] INFO  o.e.m.c.i.e.AbstractTransferListenerAdapter - Downloading https://repo.spring.io/snapshot/org/springframework/spring-framework-bom/7.0.0-SNAPSHOT/spring-framework-bom-7.0.0-20250530.130028-561.pom
2025-05-30 16:31:29,440 [Worker-7: reload maven project] INFO  o.e.m.c.i.e.AbstractTransferListenerAdapter - Downloaded https://repo.spring.io/snapshot/org/springframework/spring-framework-bom/7.0.0-SNAPSHOT/spring-framework-bom-7.0.0-20250530.130028-561.pom
2025-05-30 16:31:29,579 [Worker-7: reload maven project] INFO  o.e.m.c.i.e.AbstractTransferListenerAdapter - Downloading https://repo.spring.io/snapshot/org/springframework/integration/spring-integration-bom/6.5.0-SNAPSHOT/maven-metadata.xml
2025-05-30 16:31:29,587 [Worker-7: reload maven project] INFO  o.e.m.c.i.e.AbstractTransferListenerAdapter - Downloaded https://repo.spring.io/snapshot/org/springframework/integration/spring-integration-bom/6.5.0-SNAPSHOT/maven-metadata.xml
2025-05-30 16:31:29,734 [Worker-7: reload maven project] INFO  o.e.m.c.i.e.AbstractTransferListenerAdapter - Downloading https://repo.spring.io/snapshot/org/springframework/pulsar/spring-pulsar-bom/1.2.6-SNAPSHOT/maven-metadata.xml
2025-05-30 16:31:29,740 [Worker-7: reload maven project] INFO  o.e.m.c.i.e.AbstractTransferListenerAdapter - Downloaded https://repo.spring.io/snapshot/org/springframework/pulsar/spring-pulsar-bom/1.2.6-SNAPSHOT/maven-metadata.xml
2025-05-30 16:31:29,876 [Worker-7: reload maven project] INFO  o.e.m.c.i.e.AbstractTransferListenerAdapter - Downloading https://repo.spring.io/snapshot/org/springframework/restdocs/spring-restdocs-bom/4.0.0-SNAPSHOT/maven-metadata.xml
2025-05-30 16:31:29,887 [Worker-7: reload maven project] INFO  o.e.m.c.i.e.AbstractTransferListenerAdapter - Downloaded https://repo.spring.io/snapshot/org/springframework/restdocs/spring-restdocs-bom/4.0.0-SNAPSHOT/maven-metadata.xml
2025-05-30 16:31:30,026 [Worker-7: reload maven project] INFO  o.e.m.c.i.e.AbstractTransferListenerAdapter - Downloading https://repo.spring.io/snapshot/org/springframework/security/spring-security-bom/7.0.0-SNAPSHOT/maven-metadata.xml
2025-05-30 16:31:30,035 [Worker-7: reload maven project] INFO  o.e.m.c.i.e.AbstractTransferListenerAdapter - Downloaded https://repo.spring.io/snapshot/org/springframework/security/spring-security-bom/7.0.0-SNAPSHOT/maven-metadata.xml
2025-05-30 16:31:30,179 [Worker-7: reload maven project] INFO  o.e.m.c.i.e.AbstractTransferListenerAdapter - Downloading https://repo.spring.io/snapshot/org/springframework/security/spring-security-bom/7.0.0-SNAPSHOT/spring-security-bom-7.0.0-20250530.130202-70.pom
2025-05-30 16:31:30,191 [Worker-7: reload maven project] INFO  o.e.m.c.i.e.AbstractTransferListenerAdapter - Downloaded https://repo.spring.io/snapshot/org/springframework/security/spring-security-bom/7.0.0-SNAPSHOT/spring-security-bom-7.0.0-20250530.130202-70.pom
2025-05-30 16:31:30,378 [Worker-7: reload maven project] INFO  o.e.m.c.i.e.AbstractTransferListenerAdapter - Downloading https://repo.spring.io/snapshot/org/springframework/ws/spring-ws-bom/4.1.0-SNAPSHOT/maven-metadata.xml
2025-05-30 16:31:30,395 [Worker-7: reload maven project] INFO  o.e.m.c.i.e.AbstractTransferListenerAdapter - Downloaded https://repo.spring.io/snapshot/org/springframework/ws/spring-ws-bom/4.1.0-SNAPSHOT/maven-metadata.xml
2025-05-30 16:33:47,528 [Worker-6: Loading pom.xml] INFO  o.e.m.c.i.e.AbstractTransferListenerAdapter - Downloading https://repo.spring.io/snapshot/org/springframework/boot/spring-boot-starter-data-jpa/4.0.0-SNAPSHOT/maven-metadata.xml
2025-05-30 16:33:47,533 [Worker-6: Loading pom.xml] INFO  o.e.m.c.i.e.AbstractTransferListenerAdapter - Downloaded https://repo.spring.io/snapshot/org/springframework/boot/spring-boot-starter-data-jpa/4.0.0-SNAPSHOT/maven-metadata.xml
2025-05-30 16:33:47,660 [Worker-6: Loading pom.xml] INFO  o.e.m.c.i.e.AbstractTransferListenerAdapter - Downloading https://repo.spring.io/snapshot/org/springframework/boot/spring-boot-starter-data-jpa/4.0.0-SNAPSHOT/spring-boot-starter-data-jpa-4.0.0-20250529.121852-167.pom
2025-05-30 16:33:47,665 [Worker-6: Loading pom.xml] INFO  o.e.m.c.i.e.AbstractTransferListenerAdapter - Downloaded https://repo.spring.io/snapshot/org/springframework/boot/spring-boot-starter-data-jpa/4.0.0-SNAPSHOT/spring-boot-starter-data-jpa-4.0.0-20250529.121852-167.pom
2025-05-30 16:33:47,811 [Worker-6: Loading pom.xml] INFO  o.e.m.c.i.e.AbstractTransferListenerAdapter - Downloading https://repo.spring.io/snapshot/org/springframework/boot/spring-boot-starter/4.0.0-SNAPSHOT/maven-metadata.xml
2025-05-30 16:33:47,815 [Worker-6: Loading pom.xml] INFO  o.e.m.c.i.e.AbstractTransferListenerAdapter - Downloaded https://repo.spring.io/snapshot/org/springframework/boot/spring-boot-starter/4.0.0-SNAPSHOT/maven-metadata.xml
2025-05-30 16:33:47,960 [Worker-6: Loading pom.xml] INFO  o.e.m.c.i.e.AbstractTransferListenerAdapter - Downloading https://repo.spring.io/snapshot/org/springframework/boot/spring-boot-starter/4.0.0-SNAPSHOT/spring-boot-starter-4.0.0-20250529.121852-167.pom
2025-05-30 16:33:47,965 [Worker-6: Loading pom.xml] INFO  o.e.m.c.i.e.AbstractTransferListenerAdapter - Downloaded https://repo.spring.io/snapshot/org/springframework/boot/spring-boot-starter/4.0.0-SNAPSHOT/spring-boot-starter-4.0.0-20250529.121852-167.pom
2025-05-30 16:33:48,102 [Worker-6: Loading pom.xml] INFO  o.e.m.c.i.e.AbstractTransferListenerAdapter - Downloading https://repo.spring.io/snapshot/org/springframework/boot/spring-boot/4.0.0-SNAPSHOT/maven-metadata.xml
2025-05-30 16:33:48,106 [Worker-6: Loading pom.xml] INFO  o.e.m.c.i.e.AbstractTransferListenerAdapter - Downloaded https://repo.spring.io/snapshot/org/springframework/boot/spring-boot/4.0.0-SNAPSHOT/maven-metadata.xml
2025-05-30 16:33:48,235 [Worker-6: Loading pom.xml] INFO  o.e.m.c.i.e.AbstractTransferListenerAdapter - Downloading https://repo.spring.io/snapshot/org/springframework/boot/spring-boot/4.0.0-SNAPSHOT/spring-boot-4.0.0-20250529.121852-167.pom
2025-05-30 16:33:48,241 [Worker-6: Loading pom.xml] INFO  o.e.m.c.i.e.AbstractTransferListenerAdapter - Downloaded https://repo.spring.io/snapshot/org/springframework/boot/spring-boot/4.0.0-SNAPSHOT/spring-boot-4.0.0-20250529.121852-167.pom
2025-05-30 16:33:48,374 [Worker-6: Loading pom.xml] INFO  o.e.m.c.i.e.AbstractTransferListenerAdapter - Downloading https://repo.spring.io/snapshot/org/springframework/spring-core/7.0.0-SNAPSHOT/maven-metadata.xml
2025-05-30 16:33:48,379 [Worker-6: Loading pom.xml] INFO  o.e.m.c.i.e.AbstractTransferListenerAdapter - Downloaded https://repo.spring.io/snapshot/org/springframework/spring-core/7.0.0-SNAPSHOT/maven-metadata.xml
2025-05-30 16:33:48,506 [Worker-6: Loading pom.xml] INFO  o.e.m.c.i.e.AbstractTransferListenerAdapter - Downloading https://repo.spring.io/snapshot/org/springframework/spring-core/7.0.0-SNAPSHOT/spring-core-7.0.0-20250530.130028-561.pom
2025-05-30 16:33:48,513 [Worker-6: Loading pom.xml] INFO  o.e.m.c.i.e.AbstractTransferListenerAdapter - Downloaded https://repo.spring.io/snapshot/org/springframework/spring-core/7.0.0-SNAPSHOT/spring-core-7.0.0-20250530.130028-561.pom
2025-05-30 16:33:48,694 [Worker-6: Loading pom.xml] INFO  o.e.m.c.i.e.AbstractTransferListenerAdapter - Downloading https://repo.spring.io/snapshot/org/springframework/spring-context/7.0.0-SNAPSHOT/maven-metadata.xml
2025-05-30 16:33:48,701 [Worker-6: Loading pom.xml] INFO  o.e.m.c.i.e.AbstractTransferListenerAdapter - Downloaded https://repo.spring.io/snapshot/org/springframework/spring-context/7.0.0-SNAPSHOT/maven-metadata.xml
2025-05-30 16:33:48,820 [Worker-6: Loading pom.xml] INFO  o.e.m.c.i.e.AbstractTransferListenerAdapter - Downloading https://repo.spring.io/snapshot/org/springframework/spring-context/7.0.0-SNAPSHOT/spring-context-7.0.0-20250530.130028-561.pom
2025-05-30 16:33:48,824 [Worker-6: Loading pom.xml] INFO  o.e.m.c.i.e.AbstractTransferListenerAdapter - Downloaded https://repo.spring.io/snapshot/org/springframework/spring-context/7.0.0-SNAPSHOT/spring-context-7.0.0-20250530.130028-561.pom
2025-05-30 16:33:48,954 [Worker-6: Loading pom.xml] INFO  o.e.m.c.i.e.AbstractTransferListenerAdapter - Downloading https://repo.spring.io/snapshot/org/springframework/spring-aop/7.0.0-SNAPSHOT/maven-metadata.xml
2025-05-30 16:33:48,959 [Worker-6: Loading pom.xml] INFO  o.e.m.c.i.e.AbstractTransferListenerAdapter - Downloaded https://repo.spring.io/snapshot/org/springframework/spring-aop/7.0.0-SNAPSHOT/maven-metadata.xml
2025-05-30 16:33:49,096 [Worker-6: Loading pom.xml] INFO  o.e.m.c.i.e.AbstractTransferListenerAdapter - Downloading https://repo.spring.io/snapshot/org/springframework/spring-aop/7.0.0-SNAPSHOT/spring-aop-7.0.0-20250530.130028-561.pom
2025-05-30 16:33:49,108 [Worker-6: Loading pom.xml] INFO  o.e.m.c.i.e.AbstractTransferListenerAdapter - Downloaded https://repo.spring.io/snapshot/org/springframework/spring-aop/7.0.0-SNAPSHOT/spring-aop-7.0.0-20250530.130028-561.pom
2025-05-30 16:33:49,260 [Worker-6: Loading pom.xml] INFO  o.e.m.c.i.e.AbstractTransferListenerAdapter - Downloading https://repo.spring.io/snapshot/org/springframework/spring-beans/7.0.0-SNAPSHOT/maven-metadata.xml
2025-05-30 16:33:49,265 [Worker-6: Loading pom.xml] INFO  o.e.m.c.i.e.AbstractTransferListenerAdapter - Downloaded https://repo.spring.io/snapshot/org/springframework/spring-beans/7.0.0-SNAPSHOT/maven-metadata.xml
2025-05-30 16:33:49,407 [Worker-6: Loading pom.xml] INFO  o.e.m.c.i.e.AbstractTransferListenerAdapter - Downloading https://repo.spring.io/snapshot/org/springframework/spring-beans/7.0.0-SNAPSHOT/spring-beans-7.0.0-20250530.130028-561.pom
2025-05-30 16:33:49,415 [Worker-6: Loading pom.xml] INFO  o.e.m.c.i.e.AbstractTransferListenerAdapter - Downloaded https://repo.spring.io/snapshot/org/springframework/spring-beans/7.0.0-SNAPSHOT/spring-beans-7.0.0-20250530.130028-561.pom
2025-05-30 16:33:49,550 [Worker-6: Loading pom.xml] INFO  o.e.m.c.i.e.AbstractTransferListenerAdapter - Downloading https://repo.spring.io/snapshot/org/springframework/spring-expression/7.0.0-SNAPSHOT/maven-metadata.xml
2025-05-30 16:33:49,554 [Worker-6: Loading pom.xml] INFO  o.e.m.c.i.e.AbstractTransferListenerAdapter - Downloaded https://repo.spring.io/snapshot/org/springframework/spring-expression/7.0.0-SNAPSHOT/maven-metadata.xml
2025-05-30 16:33:49,681 [Worker-6: Loading pom.xml] INFO  o.e.m.c.i.e.AbstractTransferListenerAdapter - Downloading https://repo.spring.io/snapshot/org/springframework/spring-expression/7.0.0-SNAPSHOT/spring-expression-7.0.0-20250530.130028-561.pom
2025-05-30 16:33:49,686 [Worker-6: Loading pom.xml] INFO  o.e.m.c.i.e.AbstractTransferListenerAdapter - Downloaded https://repo.spring.io/snapshot/org/springframework/spring-expression/7.0.0-SNAPSHOT/spring-expression-7.0.0-20250530.130028-561.pom
2025-05-30 16:33:49,821 [Worker-6: Loading pom.xml] INFO  o.e.m.c.i.e.AbstractTransferListenerAdapter - Downloading https://repo.spring.io/snapshot/org/springframework/boot/spring-boot-autoconfigure/4.0.0-SNAPSHOT/maven-metadata.xml
2025-05-30 16:33:49,825 [Worker-6: Loading pom.xml] INFO  o.e.m.c.i.e.AbstractTransferListenerAdapter - Downloaded https://repo.spring.io/snapshot/org/springframework/boot/spring-boot-autoconfigure/4.0.0-SNAPSHOT/maven-metadata.xml
2025-05-30 16:33:49,951 [Worker-6: Loading pom.xml] INFO  o.e.m.c.i.e.AbstractTransferListenerAdapter - Downloading https://repo.spring.io/snapshot/org/springframework/boot/spring-boot-autoconfigure/4.0.0-SNAPSHOT/spring-boot-autoconfigure-4.0.0-20250529.121852-167.pom
2025-05-30 16:33:49,956 [Worker-6: Loading pom.xml] INFO  o.e.m.c.i.e.AbstractTransferListenerAdapter - Downloaded https://repo.spring.io/snapshot/org/springframework/boot/spring-boot-autoconfigure/4.0.0-SNAPSHOT/spring-boot-autoconfigure-4.0.0-20250529.121852-167.pom
2025-05-30 16:33:50,093 [Worker-6: Loading pom.xml] INFO  o.e.m.c.i.e.AbstractTransferListenerAdapter - Downloading https://repo.spring.io/snapshot/org/springframework/boot/spring-boot-starter-logging/4.0.0-SNAPSHOT/maven-metadata.xml
2025-05-30 16:33:50,098 [Worker-6: Loading pom.xml] INFO  o.e.m.c.i.e.AbstractTransferListenerAdapter - Downloaded https://repo.spring.io/snapshot/org/springframework/boot/spring-boot-starter-logging/4.0.0-SNAPSHOT/maven-metadata.xml
2025-05-30 16:33:50,225 [Worker-6: Loading pom.xml] INFO  o.e.m.c.i.e.AbstractTransferListenerAdapter - Downloading https://repo.spring.io/snapshot/org/springframework/boot/spring-boot-starter-logging/4.0.0-SNAPSHOT/spring-boot-starter-logging-4.0.0-20250529.121852-167.pom
2025-05-30 16:33:50,230 [Worker-6: Loading pom.xml] INFO  o.e.m.c.i.e.AbstractTransferListenerAdapter - Downloaded https://repo.spring.io/snapshot/org/springframework/boot/spring-boot-starter-logging/4.0.0-SNAPSHOT/spring-boot-starter-logging-4.0.0-20250529.121852-167.pom
2025-05-30 16:33:50,414 [Worker-6: Loading pom.xml] INFO  o.e.m.c.i.e.AbstractTransferListenerAdapter - Downloading https://repo.spring.io/snapshot/org/springframework/boot/spring-boot-starter-jdbc/4.0.0-SNAPSHOT/maven-metadata.xml
2025-05-30 16:33:50,420 [Worker-6: Loading pom.xml] INFO  o.e.m.c.i.e.AbstractTransferListenerAdapter - Downloaded https://repo.spring.io/snapshot/org/springframework/boot/spring-boot-starter-jdbc/4.0.0-SNAPSHOT/maven-metadata.xml
2025-05-30 16:33:50,547 [Worker-6: Loading pom.xml] INFO  o.e.m.c.i.e.AbstractTransferListenerAdapter - Downloading https://repo.spring.io/snapshot/org/springframework/boot/spring-boot-starter-jdbc/4.0.0-SNAPSHOT/spring-boot-starter-jdbc-4.0.0-20250529.121852-167.pom
2025-05-30 16:33:50,553 [Worker-6: Loading pom.xml] INFO  o.e.m.c.i.e.AbstractTransferListenerAdapter - Downloaded https://repo.spring.io/snapshot/org/springframework/boot/spring-boot-starter-jdbc/4.0.0-SNAPSHOT/spring-boot-starter-jdbc-4.0.0-20250529.121852-167.pom
2025-05-30 16:33:50,687 [Worker-6: Loading pom.xml] INFO  o.e.m.c.i.e.AbstractTransferListenerAdapter - Downloading https://repo.spring.io/snapshot/org/springframework/spring-jdbc/7.0.0-SNAPSHOT/maven-metadata.xml
2025-05-30 16:33:50,692 [Worker-6: Loading pom.xml] INFO  o.e.m.c.i.e.AbstractTransferListenerAdapter - Downloaded https://repo.spring.io/snapshot/org/springframework/spring-jdbc/7.0.0-SNAPSHOT/maven-metadata.xml
2025-05-30 16:33:50,825 [Worker-6: Loading pom.xml] INFO  o.e.m.c.i.e.AbstractTransferListenerAdapter - Downloading https://repo.spring.io/snapshot/org/springframework/spring-jdbc/7.0.0-SNAPSHOT/spring-jdbc-7.0.0-20250530.130028-561.pom
2025-05-30 16:33:50,829 [Worker-6: Loading pom.xml] INFO  o.e.m.c.i.e.AbstractTransferListenerAdapter - Downloaded https://repo.spring.io/snapshot/org/springframework/spring-jdbc/7.0.0-SNAPSHOT/spring-jdbc-7.0.0-20250530.130028-561.pom
2025-05-30 16:33:50,968 [Worker-6: Loading pom.xml] INFO  o.e.m.c.i.e.AbstractTransferListenerAdapter - Downloading https://repo.spring.io/snapshot/org/springframework/spring-tx/7.0.0-SNAPSHOT/maven-metadata.xml
2025-05-30 16:33:50,972 [Worker-6: Loading pom.xml] INFO  o.e.m.c.i.e.AbstractTransferListenerAdapter - Downloaded https://repo.spring.io/snapshot/org/springframework/spring-tx/7.0.0-SNAPSHOT/maven-metadata.xml
2025-05-30 16:33:51,099 [Worker-6: Loading pom.xml] INFO  o.e.m.c.i.e.AbstractTransferListenerAdapter - Downloading https://repo.spring.io/snapshot/org/springframework/spring-tx/7.0.0-SNAPSHOT/spring-tx-7.0.0-20250530.130028-561.pom
2025-05-30 16:33:51,103 [Worker-6: Loading pom.xml] INFO  o.e.m.c.i.e.AbstractTransferListenerAdapter - Downloaded https://repo.spring.io/snapshot/org/springframework/spring-tx/7.0.0-SNAPSHOT/spring-tx-7.0.0-20250530.130028-561.pom
2025-05-30 16:33:51,333 [Worker-6: Loading pom.xml] INFO  o.e.m.c.i.e.AbstractTransferListenerAdapter - Downloading https://repo.spring.io/snapshot/org/springframework/spring-orm/7.0.0-SNAPSHOT/maven-metadata.xml
2025-05-30 16:33:51,354 [Worker-6: Loading pom.xml] INFO  o.e.m.c.i.e.AbstractTransferListenerAdapter - Downloaded https://repo.spring.io/snapshot/org/springframework/spring-orm/7.0.0-SNAPSHOT/maven-metadata.xml
2025-05-30 16:33:51,482 [Worker-6: Loading pom.xml] INFO  o.e.m.c.i.e.AbstractTransferListenerAdapter - Downloading https://repo.spring.io/snapshot/org/springframework/spring-orm/7.0.0-SNAPSHOT/spring-orm-7.0.0-20250530.130028-561.pom
2025-05-30 16:33:51,485 [Worker-6: Loading pom.xml] INFO  o.e.m.c.i.e.AbstractTransferListenerAdapter - Downloaded https://repo.spring.io/snapshot/org/springframework/spring-orm/7.0.0-SNAPSHOT/spring-orm-7.0.0-20250530.130028-561.pom
2025-05-30 16:33:51,621 [Worker-6: Loading pom.xml] INFO  o.e.m.c.i.e.AbstractTransferListenerAdapter - Downloading https://repo.spring.io/snapshot/org/springframework/spring-aspects/7.0.0-SNAPSHOT/maven-metadata.xml
2025-05-30 16:33:51,627 [Worker-6: Loading pom.xml] INFO  o.e.m.c.i.e.AbstractTransferListenerAdapter - Downloaded https://repo.spring.io/snapshot/org/springframework/spring-aspects/7.0.0-SNAPSHOT/maven-metadata.xml
2025-05-30 16:33:51,763 [Worker-6: Loading pom.xml] INFO  o.e.m.c.i.e.AbstractTransferListenerAdapter - Downloading https://repo.spring.io/snapshot/org/springframework/spring-aspects/7.0.0-SNAPSHOT/spring-aspects-7.0.0-20250530.130028-561.pom
2025-05-30 16:33:51,768 [Worker-6: Loading pom.xml] INFO  o.e.m.c.i.e.AbstractTransferListenerAdapter - Downloaded https://repo.spring.io/snapshot/org/springframework/spring-aspects/7.0.0-SNAPSHOT/spring-aspects-7.0.0-20250530.130028-561.pom
2025-05-30 16:33:51,900 [Worker-6: Loading pom.xml] INFO  o.e.m.c.i.e.AbstractTransferListenerAdapter - Downloading https://repo.spring.io/snapshot/org/springframework/boot/spring-boot-starter-thymeleaf/4.0.0-SNAPSHOT/maven-metadata.xml
2025-05-30 16:33:51,905 [Worker-6: Loading pom.xml] INFO  o.e.m.c.i.e.AbstractTransferListenerAdapter - Downloaded https://repo.spring.io/snapshot/org/springframework/boot/spring-boot-starter-thymeleaf/4.0.0-SNAPSHOT/maven-metadata.xml
2025-05-30 16:33:52,037 [Worker-6: Loading pom.xml] INFO  o.e.m.c.i.e.AbstractTransferListenerAdapter - Downloading https://repo.spring.io/snapshot/org/springframework/boot/spring-boot-starter-thymeleaf/4.0.0-SNAPSHOT/spring-boot-starter-thymeleaf-4.0.0-20250529.121852-167.pom
2025-05-30 16:33:52,042 [Worker-6: Loading pom.xml] INFO  o.e.m.c.i.e.AbstractTransferListenerAdapter - Downloaded https://repo.spring.io/snapshot/org/springframework/boot/spring-boot-starter-thymeleaf/4.0.0-SNAPSHOT/spring-boot-starter-thymeleaf-4.0.0-20250529.121852-167.pom
2025-05-30 16:33:52,201 [Worker-6: Loading pom.xml] INFO  o.e.m.c.i.e.AbstractTransferListenerAdapter - Downloading https://repo.spring.io/snapshot/org/springframework/boot/spring-boot-starter-web/4.0.0-SNAPSHOT/maven-metadata.xml
2025-05-30 16:33:52,207 [Worker-6: Loading pom.xml] INFO  o.e.m.c.i.e.AbstractTransferListenerAdapter - Downloaded https://repo.spring.io/snapshot/org/springframework/boot/spring-boot-starter-web/4.0.0-SNAPSHOT/maven-metadata.xml
2025-05-30 16:33:52,330 [Worker-6: Loading pom.xml] INFO  o.e.m.c.i.e.AbstractTransferListenerAdapter - Downloading https://repo.spring.io/snapshot/org/springframework/boot/spring-boot-starter-web/4.0.0-SNAPSHOT/spring-boot-starter-web-4.0.0-20250529.121852-167.pom
2025-05-30 16:33:52,335 [Worker-6: Loading pom.xml] INFO  o.e.m.c.i.e.AbstractTransferListenerAdapter - Downloaded https://repo.spring.io/snapshot/org/springframework/boot/spring-boot-starter-web/4.0.0-SNAPSHOT/spring-boot-starter-web-4.0.0-20250529.121852-167.pom
2025-05-30 16:33:52,458 [Worker-6: Loading pom.xml] INFO  o.e.m.c.i.e.AbstractTransferListenerAdapter - Downloading https://repo.spring.io/snapshot/org/springframework/boot/spring-boot-starter-json/4.0.0-SNAPSHOT/maven-metadata.xml
2025-05-30 16:33:52,462 [Worker-6: Loading pom.xml] INFO  o.e.m.c.i.e.AbstractTransferListenerAdapter - Downloaded https://repo.spring.io/snapshot/org/springframework/boot/spring-boot-starter-json/4.0.0-SNAPSHOT/maven-metadata.xml
2025-05-30 16:33:52,599 [Worker-6: Loading pom.xml] INFO  o.e.m.c.i.e.AbstractTransferListenerAdapter - Downloading https://repo.spring.io/snapshot/org/springframework/boot/spring-boot-starter-json/4.0.0-SNAPSHOT/spring-boot-starter-json-4.0.0-20250529.121852-167.pom
2025-05-30 16:33:52,604 [Worker-6: Loading pom.xml] INFO  o.e.m.c.i.e.AbstractTransferListenerAdapter - Downloaded https://repo.spring.io/snapshot/org/springframework/boot/spring-boot-starter-json/4.0.0-SNAPSHOT/spring-boot-starter-json-4.0.0-20250529.121852-167.pom
2025-05-30 16:33:52,746 [Worker-6: Loading pom.xml] INFO  o.e.m.c.i.e.AbstractTransferListenerAdapter - Downloading https://repo.spring.io/snapshot/org/springframework/spring-web/7.0.0-SNAPSHOT/maven-metadata.xml
2025-05-30 16:33:52,750 [Worker-6: Loading pom.xml] INFO  o.e.m.c.i.e.AbstractTransferListenerAdapter - Downloaded https://repo.spring.io/snapshot/org/springframework/spring-web/7.0.0-SNAPSHOT/maven-metadata.xml
2025-05-30 16:33:52,884 [Worker-6: Loading pom.xml] INFO  o.e.m.c.i.e.AbstractTransferListenerAdapter - Downloading https://repo.spring.io/snapshot/org/springframework/spring-web/7.0.0-SNAPSHOT/spring-web-7.0.0-20250530.130028-561.pom
2025-05-30 16:33:52,889 [Worker-6: Loading pom.xml] INFO  o.e.m.c.i.e.AbstractTransferListenerAdapter - Downloaded https://repo.spring.io/snapshot/org/springframework/spring-web/7.0.0-SNAPSHOT/spring-web-7.0.0-20250530.130028-561.pom
2025-05-30 16:33:53,018 [Worker-6: Loading pom.xml] INFO  o.e.m.c.i.e.AbstractTransferListenerAdapter - Downloading https://repo.spring.io/snapshot/org/springframework/boot/spring-boot-starter-tomcat/4.0.0-SNAPSHOT/maven-metadata.xml
2025-05-30 16:33:53,022 [Worker-6: Loading pom.xml] INFO  o.e.m.c.i.e.AbstractTransferListenerAdapter - Downloaded https://repo.spring.io/snapshot/org/springframework/boot/spring-boot-starter-tomcat/4.0.0-SNAPSHOT/maven-metadata.xml
2025-05-30 16:33:53,130 [Worker-6: Loading pom.xml] INFO  o.e.m.c.i.e.AbstractTransferListenerAdapter - Downloading https://repo.spring.io/snapshot/org/springframework/boot/spring-boot-starter-tomcat/4.0.0-SNAPSHOT/spring-boot-starter-tomcat-4.0.0-20250529.121852-167.pom
2025-05-30 16:33:53,135 [Worker-6: Loading pom.xml] INFO  o.e.m.c.i.e.AbstractTransferListenerAdapter - Downloaded https://repo.spring.io/snapshot/org/springframework/boot/spring-boot-starter-tomcat/4.0.0-SNAPSHOT/spring-boot-starter-tomcat-4.0.0-20250529.121852-167.pom
2025-05-30 16:33:53,264 [Worker-6: Loading pom.xml] INFO  o.e.m.c.i.e.AbstractTransferListenerAdapter - Downloading https://repo.spring.io/snapshot/org/springframework/spring-webmvc/7.0.0-SNAPSHOT/maven-metadata.xml
2025-05-30 16:33:53,269 [Worker-6: Loading pom.xml] INFO  o.e.m.c.i.e.AbstractTransferListenerAdapter - Downloaded https://repo.spring.io/snapshot/org/springframework/spring-webmvc/7.0.0-SNAPSHOT/maven-metadata.xml
2025-05-30 16:33:53,408 [Worker-6: Loading pom.xml] INFO  o.e.m.c.i.e.AbstractTransferListenerAdapter - Downloading https://repo.spring.io/snapshot/org/springframework/spring-webmvc/7.0.0-SNAPSHOT/spring-webmvc-7.0.0-20250530.130028-561.pom
2025-05-30 16:33:53,414 [Worker-6: Loading pom.xml] INFO  o.e.m.c.i.e.AbstractTransferListenerAdapter - Downloaded https://repo.spring.io/snapshot/org/springframework/spring-webmvc/7.0.0-SNAPSHOT/spring-webmvc-7.0.0-20250530.130028-561.pom
2025-05-30 16:33:53,553 [Worker-6: Loading pom.xml] INFO  o.e.m.c.i.e.AbstractTransferListenerAdapter - Downloading https://repo.spring.io/snapshot/org/springframework/boot/spring-boot-devtools/4.0.0-SNAPSHOT/maven-metadata.xml
2025-05-30 16:33:53,557 [Worker-6: Loading pom.xml] INFO  o.e.m.c.i.e.AbstractTransferListenerAdapter - Downloaded https://repo.spring.io/snapshot/org/springframework/boot/spring-boot-devtools/4.0.0-SNAPSHOT/maven-metadata.xml
2025-05-30 16:33:53,692 [Worker-6: Loading pom.xml] INFO  o.e.m.c.i.e.AbstractTransferListenerAdapter - Downloading https://repo.spring.io/snapshot/org/springframework/boot/spring-boot-devtools/4.0.0-SNAPSHOT/spring-boot-devtools-4.0.0-20250529.121852-167.pom
2025-05-30 16:33:53,696 [Worker-6: Loading pom.xml] INFO  o.e.m.c.i.e.AbstractTransferListenerAdapter - Downloaded https://repo.spring.io/snapshot/org/springframework/boot/spring-boot-devtools/4.0.0-SNAPSHOT/spring-boot-devtools-4.0.0-20250529.121852-167.pom
2025-05-30 16:33:53,830 [Worker-6: Loading pom.xml] INFO  o.e.m.c.i.e.AbstractTransferListenerAdapter - Downloading https://repo.spring.io/snapshot/org/springframework/boot/spring-boot-starter-test/4.0.0-SNAPSHOT/maven-metadata.xml
2025-05-30 16:33:53,835 [Worker-6: Loading pom.xml] INFO  o.e.m.c.i.e.AbstractTransferListenerAdapter - Downloaded https://repo.spring.io/snapshot/org/springframework/boot/spring-boot-starter-test/4.0.0-SNAPSHOT/maven-metadata.xml
2025-05-30 16:33:53,995 [Worker-6: Loading pom.xml] INFO  o.e.m.c.i.e.AbstractTransferListenerAdapter - Downloading https://repo.spring.io/snapshot/org/springframework/boot/spring-boot-starter-test/4.0.0-SNAPSHOT/spring-boot-starter-test-4.0.0-20250529.121852-167.pom
2025-05-30 16:33:53,999 [Worker-6: Loading pom.xml] INFO  o.e.m.c.i.e.AbstractTransferListenerAdapter - Downloaded https://repo.spring.io/snapshot/org/springframework/boot/spring-boot-starter-test/4.0.0-SNAPSHOT/spring-boot-starter-test-4.0.0-20250529.121852-167.pom
2025-05-30 16:33:54,127 [Worker-6: Loading pom.xml] INFO  o.e.m.c.i.e.AbstractTransferListenerAdapter - Downloading https://repo.spring.io/snapshot/org/springframework/boot/spring-boot-test/4.0.0-SNAPSHOT/maven-metadata.xml
2025-05-30 16:33:54,130 [Worker-6: Loading pom.xml] INFO  o.e.m.c.i.e.AbstractTransferListenerAdapter - Downloaded https://repo.spring.io/snapshot/org/springframework/boot/spring-boot-test/4.0.0-SNAPSHOT/maven-metadata.xml
2025-05-30 16:33:54,256 [Worker-6: Loading pom.xml] INFO  o.e.m.c.i.e.AbstractTransferListenerAdapter - Downloading https://repo.spring.io/snapshot/org/springframework/boot/spring-boot-test/4.0.0-SNAPSHOT/spring-boot-test-4.0.0-20250529.121852-167.pom
2025-05-30 16:33:54,260 [Worker-6: Loading pom.xml] INFO  o.e.m.c.i.e.AbstractTransferListenerAdapter - Downloaded https://repo.spring.io/snapshot/org/springframework/boot/spring-boot-test/4.0.0-SNAPSHOT/spring-boot-test-4.0.0-20250529.121852-167.pom
2025-05-30 16:33:54,423 [Worker-6: Loading pom.xml] INFO  o.e.m.c.i.e.AbstractTransferListenerAdapter - Downloading https://repo.spring.io/snapshot/org/springframework/spring-test/7.0.0-SNAPSHOT/maven-metadata.xml
2025-05-30 16:33:54,427 [Worker-6: Loading pom.xml] INFO  o.e.m.c.i.e.AbstractTransferListenerAdapter - Downloaded https://repo.spring.io/snapshot/org/springframework/spring-test/7.0.0-SNAPSHOT/maven-metadata.xml
2025-05-30 16:33:54,549 [Worker-6: Loading pom.xml] INFO  o.e.m.c.i.e.AbstractTransferListenerAdapter - Downloading https://repo.spring.io/snapshot/org/springframework/spring-test/7.0.0-SNAPSHOT/spring-test-7.0.0-20250530.130028-561.pom
2025-05-30 16:33:54,555 [Worker-6: Loading pom.xml] INFO  o.e.m.c.i.e.AbstractTransferListenerAdapter - Downloaded https://repo.spring.io/snapshot/org/springframework/spring-test/7.0.0-SNAPSHOT/spring-test-7.0.0-20250530.130028-561.pom
2025-05-30 16:33:54,683 [Worker-6: Loading pom.xml] INFO  o.e.m.c.i.e.AbstractTransferListenerAdapter - Downloading https://repo.spring.io/snapshot/org/springframework/boot/spring-boot-test-autoconfigure/4.0.0-SNAPSHOT/maven-metadata.xml
2025-05-30 16:33:54,688 [Worker-6: Loading pom.xml] INFO  o.e.m.c.i.e.AbstractTransferListenerAdapter - Downloaded https://repo.spring.io/snapshot/org/springframework/boot/spring-boot-test-autoconfigure/4.0.0-SNAPSHOT/maven-metadata.xml
2025-05-30 16:33:54,814 [Worker-6: Loading pom.xml] INFO  o.e.m.c.i.e.AbstractTransferListenerAdapter - Downloading https://repo.spring.io/snapshot/org/springframework/boot/spring-boot-test-autoconfigure/4.0.0-SNAPSHOT/spring-boot-test-autoconfigure-4.0.0-20250529.121852-167.pom
2025-05-30 16:33:54,819 [Worker-6: Loading pom.xml] INFO  o.e.m.c.i.e.AbstractTransferListenerAdapter - Downloaded https://repo.spring.io/snapshot/org/springframework/boot/spring-boot-test-autoconfigure/4.0.0-SNAPSHOT/spring-boot-test-autoconfigure-4.0.0-20250529.121852-167.pom
